2023-03-15 00:04:44 [main] INFO  c.m.t.TwitterToKafkaService - Starting TwitterToKafkaService using Java 1.8.0_311 on DESKTOP-UL5CID3 with PID 17880 (F:\stsworkspace\Event-driven-microservices-examples\microservice-demo\microservice-demo\twitter-to-kafak-ms\target\classes started by acer in F:\stsworkspace\Event-driven-microservices-examples\microservice-demo\microservice-demo)
2023-03-15 00:04:44 [main] INFO  c.m.t.TwitterToKafkaService - No active profile set, falling back to 1 default profile: "default"
2023-03-15 00:04:48 [main] INFO  c.m.t.TwitterToKafkaService - Started TwitterToKafkaService in 6.638 seconds (JVM running for 12.423)
2023-03-15 00:04:48 [main] INFO  c.m.t.TwitterToKafkaService - App starts...
2023-03-15 00:04:48 [main] INFO  c.m.t.TwitterToKafkaService - [Java, Microservices, Kafka, Elasticsearch]
2023-03-15 00:04:48 [main] INFO  c.m.t.TwitterToKafkaService - Hello microservices!
2023-03-15 11:12:15 [main] INFO  c.m.t.TwitterToKafkaService - Starting TwitterToKafkaService using Java 1.8.0_311 on DESKTOP-UL5CID3 with PID 12304 (F:\stsworkspace\Event-driven-microservices-examples\microservice-demo\microservice-demo\twitter-to-kafak-ms\target\classes started by acer in F:\stsworkspace\Event-driven-microservices-examples\microservice-demo\microservice-demo)
2023-03-15 11:12:15 [main] INFO  c.m.t.TwitterToKafkaService - No active profile set, falling back to 1 default profile: "default"
2023-03-15 11:12:16 [main] INFO  c.m.t.TwitterToKafkaService - Started TwitterToKafkaService in 2.384 seconds (JVM running for 4.219)
2023-03-15 11:12:16 [main] INFO  c.m.t.TwitterToKafkaService - App starts...
2023-03-15 11:12:16 [main] INFO  c.m.t.TwitterToKafkaService - [Java, Microservices, Kafka, Elasticsearch]
2023-03-15 11:12:16 [main] INFO  c.m.t.TwitterToKafkaService - Hello microservices!
2023-03-15 11:12:16 [Twitter Stream consumer /  [1][initializing]] INFO  twitter4j.TwitterStreamImpl - Establishing connection.
2023-03-15 11:12:16 [main] INFO  c.m.t.r.i.TwitterKafkaStreamRunner - Started filtering twitter stream for keywords [Java, Microservices, Kafka, Elasticsearch]
2023-03-15 11:12:20 [Twitter Stream consumer /  [1][Establishing connection]] INFO  twitter4j.TwitterStreamImpl - 401:Authentication credentials (https://dev.twitter.com/pages/auth) were missing or incorrect. Ensure that you have set valid consumer key/secret, access token/secret, and the system clock is in sync.
<html>\n<head>\n<meta http-equiv="Content-Type" content="text/html; charset=utf-8"/>\n<title>Error 401 Unauthorized</title>
</head>
<body>
<h2>HTTP ERROR: 401</h2>
<p>Problem accessing '/1.1/statuses/filter.json'. Reason:
<pre>    Unauthorized</pre>
</body>
</html>

2023-03-15 11:12:20 [Twitter Stream consumer /  [1][Establishing connection]] INFO  twitter4j.TwitterStreamImpl - Waiting for 10000 milliseconds
2023-03-15 11:12:30 [Twitter Stream consumer /  [1][Waiting for 10000 milliseconds]] INFO  twitter4j.TwitterStreamImpl - Establishing connection.
2023-03-15 11:12:31 [Twitter Stream consumer /  [1][Establishing connection]] INFO  twitter4j.TwitterStreamImpl - 401:Authentication credentials (https://dev.twitter.com/pages/auth) were missing or incorrect. Ensure that you have set valid consumer key/secret, access token/secret, and the system clock is in sync.
<html>\n<head>\n<meta http-equiv="Content-Type" content="text/html; charset=utf-8"/>\n<title>Error 401 Unauthorized</title>
</head>
<body>
<h2>HTTP ERROR: 401</h2>
<p>Problem accessing '/1.1/statuses/filter.json'. Reason:
<pre>    Unauthorized</pre>
</body>
</html>

2023-03-15 11:12:31 [Twitter Stream consumer /  [1][Establishing connection]] INFO  twitter4j.TwitterStreamImpl - Waiting for 20000 milliseconds
2023-03-15 11:12:42 [SpringApplicationShutdownHook] INFO  c.m.t.r.i.TwitterKafkaStreamRunner - Closing twitter stream!
